Using pre-set license
Built from '2021.3/staging' branch; Version is '2021.3.5f1 (40eb3a945986) revision 4254522'; Using compiler version '192829333'; Build Type 'Release'
OS: 'Windows 10  (10.0.19044) 64bit Professional' Language: 'ru' Physical Memory: 32719 MB
BatchMode: 1, IsHumanControllingUs: 0, StartBugReporterOnCrash: 0, Is64bit: 1, IsPro: 1

COMMAND LINE ARGUMENTS:
C:\Program Files\Unity\Hub\Editor\2021.3.5f1\Editor\Unity.exe
-adb2
-batchMode
-noUpm
-name
AssetImportWorker0
-projectPath
D:/Git/simplyPlatformer
-logFile
Logs/AssetImportWorker0.log
-srvPort
58045
Successfully changed project path to: D:/Git/simplyPlatformer
D:/Git/simplyPlatformer
[UnityMemory] Configuration Parameters - Can be set up in boot.config
    "memorysetup-bucket-allocator-granularity=16"
    "memorysetup-bucket-allocator-bucket-count=8"
    "memorysetup-bucket-allocator-block-size=33554432"
    "memorysetup-bucket-allocator-block-count=8"
    "memorysetup-main-allocator-block-size=16777216"
    "memorysetup-thread-allocator-block-size=16777216"
    "memorysetup-gfx-main-allocator-block-size=16777216"
    "memorysetup-gfx-thread-allocator-block-size=16777216"
    "memorysetup-cache-allocator-block-size=4194304"
    "memorysetup-typetree-allocator-block-size=2097152"
    "memorysetup-profiler-bucket-allocator-granularity=16"
    "memorysetup-profiler-bucket-allocator-bucket-count=8"
    "memorysetup-profiler-bucket-allocator-block-size=33554432"
    "memorysetup-profiler-bucket-allocator-block-count=8"
    "memorysetup-profiler-allocator-block-size=16777216"
    "memorysetup-profiler-editor-allocator-block-size=1048576"
    "memorysetup-temp-allocator-size-main=16777216"
    "memorysetup-job-temp-allocator-block-size=2097152"
    "memorysetup-job-temp-allocator-block-size-background=1048576"
    "memorysetup-job-temp-allocator-reduction-small-platforms=262144"
    "memorysetup-temp-allocator-size-background-worker=32768"
    "memorysetup-temp-allocator-size-job-worker=262144"
    "memorysetup-temp-allocator-size-preload-manager=33554432"
    "memorysetup-temp-allocator-size-nav-mesh-worker=65536"
    "memorysetup-temp-allocator-size-audio-worker=65536"
    "memorysetup-temp-allocator-size-cloud-worker=32768"
    "memorysetup-temp-allocator-size-gi-baking-worker=262144"
    "memorysetup-temp-allocator-size-gfx=262144"
Refreshing native plugins compatible for Editor in 130.04 ms, found 4 plugins.
Preloading 0 native plugins for Editor in 0.00 ms.
Initialize engine version: 2021.3.5f1 (40eb3a945986)
[Subsystems] Discovering subsystems at path C:/Program Files/Unity/Hub/Editor/2021.3.5f1/Editor/Data/Resources/UnitySubsystems
[Subsystems] Discovering subsystems at path D:/Git/simplyPlatformer/Assets
GfxDevice: creating device client; threaded=0; jobified=0
Direct3D:
    Version:  Direct3D 11.0 [level 11.1]
    Renderer: Radeon RX 590 Series (ID=0x67df)
    Vendor:   ATI
    VRAM:     8171 MB
    Driver:   30.0.13023.4001
Initialize mono
Mono path[0] = 'C:/Program Files/Unity/Hub/Editor/2021.3.5f1/Editor/Data/Managed'
Mono path[1] = 'C:/Program Files/Unity/Hub/Editor/2021.3.5f1/Editor/Data/MonoBleedingEdge/lib/mono/unityjit-win32'
Mono config path = 'C:/Program Files/Unity/Hub/Editor/2021.3.5f1/Editor/Data/MonoBleedingEdge/etc'
Using monoOptions --debugger-agent=transport=dt_socket,embedding=1,server=y,suspend=n,address=127.0.0.1:56392
Begin MonoManager ReloadAssembly
Registering precompiled unity dll's ...
Register platform support module: C:/Program Files/Unity/Hub/Editor/2021.3.5f1/Editor/Data/PlaybackEngines/WebGLSupport/UnityEditor.WebGL.Extensions.dll
Register platform support module: C:/Program Files/Unity/Hub/Editor/2021.3.5f1/Editor/Data/PlaybackEngines/WindowsStandaloneSupport/UnityEditor.WindowsStandalone.Extensions.dll
Registered in 0.020378 seconds.
Native extension for WindowsStandalone target not found
Native extension for WebGL target not found
Refreshing native plugins compatible for Editor in 136.58 ms, found 4 plugins.
Preloading 0 native plugins for Editor in 0.00 ms.
Mono: successfully reloaded assembly
- Completed reload, in  1.641 seconds
Domain Reload Profiling:
	ReloadAssembly (1642ms)
		BeginReloadAssembly (146ms)
			ExecutionOrderSort (0ms)
			DisableScriptedObjects (0ms)
			BackupInstance (0ms)
			ReleaseScriptingObjects (0ms)
			CreateAndSetChildDomain (1ms)
		EndReloadAssembly (784ms)
			LoadAssemblies (134ms)
			RebuildTransferFunctionScriptingTraits (0ms)
			SetupTypeCache (169ms)
			ReleaseScriptCaches (0ms)
			RebuildScriptCaches (42ms)
			SetupLoadedEditorAssemblies (478ms)
				LogAssemblyErrors (0ms)
				InitializePlatformSupportModulesInManaged (70ms)
				SetLoadedEditorAssemblies (0ms)
				RefreshPlugins (137ms)
				BeforeProcessingInitializeOnLoad (3ms)
				ProcessInitializeOnLoadAttributes (206ms)
				ProcessInitializeOnLoadMethodAttributes (62ms)
				AfterProcessingInitializeOnLoad (0ms)
				EditorAssembliesLoaded (0ms)
			ExecutionOrderSort2 (0ms)
			AwakeInstancesAfterBackupRestoration (0ms)
Platform modules already initialized, skipping
Registering precompiled user dll's ...
Registered in 0.111563 seconds.
Begin MonoManager ReloadAssembly
Symbol file LoadedFromMemory doesn't match image D:\Git\simplyPlatformer\Library\PackageCache\com.unity.visualscripting@1.7.8\Editor\VisualScripting.Core\Dependencies\YamlDotNet\Unity.VisualScripting.YamlDotNet.dll
Symbol file LoadedFromMemory doesn't match image D:\Git\simplyPlatformer\Library\PackageCache\com.unity.visualscripting@1.7.8\Editor\VisualScripting.Core\Dependencies\DotNetZip\Unity.VisualScripting.IonicZip.dll
Native extension for WindowsStandalone target not found
Native extension for WebGL target not found
Refreshing native plugins compatible for Editor in 165.33 ms, found 4 plugins.
Preloading 0 native plugins for Editor in 0.00 ms.
Mono: successfully reloaded assembly
- Completed reload, in  2.442 seconds
Domain Reload Profiling:
	ReloadAssembly (2443ms)
		BeginReloadAssembly (238ms)
			ExecutionOrderSort (0ms)
			DisableScriptedObjects (8ms)
			BackupInstance (0ms)
			ReleaseScriptingObjects (0ms)
			CreateAndSetChildDomain (27ms)
		EndReloadAssembly (1956ms)
			LoadAssemblies (298ms)
			RebuildTransferFunctionScriptingTraits (0ms)
			SetupTypeCache (353ms)
			ReleaseScriptCaches (1ms)
			RebuildScriptCaches (87ms)
			SetupLoadedEditorAssemblies (1180ms)
				LogAssemblyErrors (0ms)
				InitializePlatformSupportModulesInManaged (10ms)
				SetLoadedEditorAssemblies (1ms)
				RefreshPlugins (166ms)
				BeforeProcessingInitializeOnLoad (432ms)
				ProcessInitializeOnLoadAttributes (473ms)
				ProcessInitializeOnLoadMethodAttributes (56ms)
				AfterProcessingInitializeOnLoad (42ms)
				EditorAssembliesLoaded (0ms)
			ExecutionOrderSort2 (0ms)
			AwakeInstancesAfterBackupRestoration (9ms)
Platform modules already initialized, skipping
========================================================================
Worker process is ready to serve import requests
Launched and connected shader compiler UnityShaderCompiler.exe after 0.15 seconds
Refreshing native plugins compatible for Editor in 1.62 ms, found 4 plugins.
Preloading 0 native plugins for Editor in 0.00 ms.
Unloading 4184 Unused Serialized files (Serialized files now loaded: 0)
Unloading 44 unused Assets / (222.9 KB). Loaded Objects now: 4635.
Memory consumption went from 155.3 MB to 155.1 MB.
Total: 4.729100 ms (FindLiveObjects: 0.443100 ms CreateObjectMapping: 0.124400 ms MarkObjects: 3.957800 ms  DeleteObjects: 0.202500 ms)

AssetImportParameters requested are different than current active one (requested -> active):
  custom:video-decoder-ogg-theora: a1e56fd34408186e4bbccfd4996cb3dc -> 
  custom:container-muxer-webm: aa71ff27fc2769a1b78a27578f13a17b -> 
  custom:container-demuxer-webm: 4f35f7cbe854078d1ac9338744f61a02 -> 
  custom:video-encoder-webm-vp8: eb34c28f22e8b96e1ab97ce403110664 -> 
  custom:audio-encoder-webm-vorbis: bf7c407c2cedff20999df2af8eb42d56 -> 
  custom:framework-win-MediaFoundation: 216162199b28c13a410421893ffa2e32 -> 
  custom:container-demuxer-ogg: 62fdf1f143b41e24485cea50d1cbac27 -> 
  custom:video-decoder-webm-vp8: 9c59270c3fd7afecdb556c50c9e8de78 -> 
  custom:audio-decoder-ogg-vorbis: bf7c407c2cedff20999df2af8eb42d56 -> 
========================================================================
Received Import Request.
  Time since last request: 188604.827067 seconds.
  path: Assets/Free Pixel Space Platform Pack/Astronaut/Jump.anim
  artifactKey: Guid(54d18717f12fb7f43ae9295953831b96) Importer(815301076,1909f56bfc062723c751e8b465ee728b)
Start importing Assets/Free Pixel Space Platform Pack/Astronaut/Jump.anim using Guid(54d18717f12fb7f43ae9295953831b96) Importer(815301076,1909f56bfc062723c751e8b465ee728b)  -> (artifact id: 'a4f56591ce38700d05c079d12bb0cbc3') in 0.063679 seconds 
========================================================================
Received Import Request.
  Time since last request: 108.229335 seconds.
  path: Assets/Free Pixel Space Platform Pack/Stones
  artifactKey: Guid(c9c1d1b07d7e0b1479cc184eee55f906) Importer(815301076,1909f56bfc062723c751e8b465ee728b)
Start importing Assets/Free Pixel Space Platform Pack/Stones using Guid(c9c1d1b07d7e0b1479cc184eee55f906) Importer(815301076,1909f56bfc062723c751e8b465ee728b)  -> (artifact id: 'd4c41dd87ead1d5f324fdbddb26eee33') in 0.003379 seconds 
========================================================================
Received Import Request.
  Time since last request: 3.025888 seconds.
  path: Assets/Sprites
  artifactKey: Guid(fb34630ad32cfc945905c0002b097320) Importer(815301076,1909f56bfc062723c751e8b465ee728b)
Start importing Assets/Sprites using Guid(fb34630ad32cfc945905c0002b097320) Importer(815301076,1909f56bfc062723c751e8b465ee728b)  -> (artifact id: '1bdead03f9de00583a5d09a602b8560f') in 0.003377 seconds 
========================================================================
Received Import Request.
  Time since last request: 0.846712 seconds.
  path: Assets/TilePalette
  artifactKey: Guid(1e3e40f67f5788f4e952b3c0e5313844) Importer(815301076,1909f56bfc062723c751e8b465ee728b)
Start importing Assets/TilePalette using Guid(1e3e40f67f5788f4e952b3c0e5313844) Importer(815301076,1909f56bfc062723c751e8b465ee728b)  -> (artifact id: 'beef1b8780c6d4f35c8cf5080e469c83') in 0.006267 seconds 
========================================================================
Received Import Request.
  Time since last request: 6.873463 seconds.
  path: Assets/Prefabs/Astronaut.prefab
  artifactKey: Guid(c379e5c12a9da5d4d975e8bed86e5631) Importer(815301076,1909f56bfc062723c751e8b465ee728b)
Start importing Assets/Prefabs/Astronaut.prefab using Guid(c379e5c12a9da5d4d975e8bed86e5631) Importer(815301076,1909f56bfc062723c751e8b465ee728b)  -> (artifact id: '08a1e59f6f6c48cc1ade7dde44c45f55') in 0.156421 seconds 
========================================================================
Received Import Request.
  Time since last request: 0.006091 seconds.
  path: Assets/Prefabs/Crystal.prefab
  artifactKey: Guid(2d0b3628aa66cd64bb5caa2a7c2497f9) Importer(815301076,1909f56bfc062723c751e8b465ee728b)
Start importing Assets/Prefabs/Crystal.prefab using Guid(2d0b3628aa66cd64bb5caa2a7c2497f9) Importer(815301076,1909f56bfc062723c751e8b465ee728b)  -> (artifact id: '5ca2cb7f328ab503f411d9aaa462b2fb') in 0.014862 seconds 
========================================================================
Received Import Request.
  Time since last request: 0.239084 seconds.
  path: Assets/Prefabs/Ordinary.prefab
  artifactKey: Guid(41c066894f685734a83d6c60ebf2159c) Importer(815301076,1909f56bfc062723c751e8b465ee728b)
Start importing Assets/Prefabs/Ordinary.prefab using Guid(41c066894f685734a83d6c60ebf2159c) Importer(815301076,1909f56bfc062723c751e8b465ee728b)  -> (artifact id: 'f281e25f398a7f171116d08bb997f366') in 0.016099 seconds 
========================================================================
Received Import Request.
  Time since last request: 0.124343 seconds.
  path: Assets/Scenes
  artifactKey: Guid(131a6b21c8605f84396be9f6751fb6e3) Importer(815301076,1909f56bfc062723c751e8b465ee728b)
Start importing Assets/Scenes using Guid(131a6b21c8605f84396be9f6751fb6e3) Importer(815301076,1909f56bfc062723c751e8b465ee728b)  -> (artifact id: '4935f35005d3ccd51bf39964504ff1b7') in 0.003147 seconds 
========================================================================
Received Import Request.
  Time since last request: 6.121549 seconds.
  path: Assets/Free Pixel Space Platform Pack/Astronaut/Materials
  artifactKey: Guid(8f0a3800b0a86c545a2b0010d4aaae9a) Importer(815301076,1909f56bfc062723c751e8b465ee728b)
Start importing Assets/Free Pixel Space Platform Pack/Astronaut/Materials using Guid(8f0a3800b0a86c545a2b0010d4aaae9a) Importer(815301076,1909f56bfc062723c751e8b465ee728b)  -> (artifact id: '8a10ddf91fc1acce8761cdfd009c657b') in 0.003857 seconds 
========================================================================
Received Import Request.
  Time since last request: 15.240466 seconds.
  path: Assets/Free Pixel Space Platform Pack/Astronaut/Animation
  artifactKey: Guid(40a72cf3dd81a9d4da8c79c9d7b83d36) Importer(815301076,1909f56bfc062723c751e8b465ee728b)
Start importing Assets/Free Pixel Space Platform Pack/Astronaut/Animation using Guid(40a72cf3dd81a9d4da8c79c9d7b83d36) Importer(815301076,1909f56bfc062723c751e8b465ee728b)  -> (artifact id: 'e26f1454e3978de25cf10490b66afc46') in 0.002593 seconds 
========================================================================
Received Import Request.
  Time since last request: 5.736853 seconds.
  path: Assets/Free Pixel Space Platform Pack/Astronaut/Walk.anim
  artifactKey: Guid(267b1aa5a210696488fa09317bf45276) Importer(815301076,1909f56bfc062723c751e8b465ee728b)
Start importing Assets/Free Pixel Space Platform Pack/Astronaut/Walk.anim using Guid(267b1aa5a210696488fa09317bf45276) Importer(815301076,1909f56bfc062723c751e8b465ee728b)  -> (artifact id: 'a1048d529627419a9f8148416fe2d4a4') in 0.003889 seconds 
========================================================================
Received Import Request.
  Time since last request: 32.499443 seconds.
  path: Assets/Free Pixel Space Platform Pack/Astronaut/Animation/New Animator Controller.controller
  artifactKey: Guid(c0ffe07cf011e55449a6b3ee7c0bca4d) Importer(815301076,1909f56bfc062723c751e8b465ee728b)
Start importing Assets/Free Pixel Space Platform Pack/Astronaut/Animation/New Animator Controller.controller using Guid(c0ffe07cf011e55449a6b3ee7c0bca4d) Importer(815301076,1909f56bfc062723c751e8b465ee728b)  -> (artifact id: '05f8e040c896cc36565b98c76ee57854') in 0.008054 seconds 
========================================================================
Received Import Request.
  Time since last request: 2.787114 seconds.
  path: Assets/Free Pixel Space Platform Pack/Astronaut/AstroWalk_0.controller
  artifactKey: Guid(b9901ed754b2c1a469259156df03f85c) Importer(815301076,1909f56bfc062723c751e8b465ee728b)
Start importing Assets/Free Pixel Space Platform Pack/Astronaut/AstroWalk_0.controller using Guid(b9901ed754b2c1a469259156df03f85c) Importer(815301076,1909f56bfc062723c751e8b465ee728b)  -> (artifact id: '816cab1944e09af9270dd57d902c4bfb') in 0.004575 seconds 
========================================================================
Received Import Request.
  Time since last request: 1472.463009 seconds.
  path: Assets/Free Pixel Space Platform Pack/Astronaut/Animations
  artifactKey: Guid(b259b6cebfce83248953ef56f4d0b3e7) Importer(815301076,1909f56bfc062723c751e8b465ee728b)
Start importing Assets/Free Pixel Space Platform Pack/Astronaut/Animations using Guid(b259b6cebfce83248953ef56f4d0b3e7) Importer(815301076,1909f56bfc062723c751e8b465ee728b)  -> (artifact id: 'ebdfafdde7d52a64eeac1b8b66c8ea2b') in 0.003317 seconds 
========================================================================
Received Import Request.
  Time since last request: 4.873772 seconds.
  path: Assets/Free Pixel Space Platform Pack/Astronaut/Animations/Idle.anim
  artifactKey: Guid(b067b70b0f380f1499d18e43fedb0bea) Importer(815301076,1909f56bfc062723c751e8b465ee728b)
Start importing Assets/Free Pixel Space Platform Pack/Astronaut/Animations/Idle.anim using Guid(b067b70b0f380f1499d18e43fedb0bea) Importer(815301076,1909f56bfc062723c751e8b465ee728b)  -> (artifact id: 'e6a991b5347d976e85c84d1655688276') in 0.003579 seconds 
========================================================================
Received Import Request.
  Time since last request: 73.986474 seconds.
  path: Assets/TilePalette/Ground.prefab
  artifactKey: Guid(c8044c718e8ab464eb398307d473e82d) Importer(815301076,1909f56bfc062723c751e8b465ee728b)
Start importing Assets/TilePalette/Ground.prefab using Guid(c8044c718e8ab464eb398307d473e82d) Importer(815301076,1909f56bfc062723c751e8b465ee728b)  -> (artifact id: 'f085f8ec5fef8517791d98a16916d569') in 0.214168 seconds 
========================================================================
Received Import Request.
  Time since last request: 344.475654 seconds.
  path: Assets/Free Pixel Space Platform Pack/Idle.anim
  artifactKey: Guid(55547dd81a1526647a1f8d6b20178172) Importer(815301076,1909f56bfc062723c751e8b465ee728b)
Start importing Assets/Free Pixel Space Platform Pack/Idle.anim using Guid(55547dd81a1526647a1f8d6b20178172) Importer(815301076,1909f56bfc062723c751e8b465ee728b)  -> (artifact id: '20c88ee75f350defc569a13608ac877e') in 0.025535 seconds 
========================================================================
Received Import Request.
  Time since last request: 11.265190 seconds.
  path: Assets/Free Pixel Space Platform Pack/Astronaut/Animations/Idle - Copy.anim
  artifactKey: Guid(55547dd81a1526647a1f8d6b20178172) Importer(815301076,1909f56bfc062723c751e8b465ee728b)
Start importing Assets/Free Pixel Space Platform Pack/Astronaut/Animations/Idle - Copy.anim using Guid(55547dd81a1526647a1f8d6b20178172) Importer(815301076,1909f56bfc062723c751e8b465ee728b)  -> (artifact id: '980ee064e1b405798627997631c3e655') in 0.006807 seconds 
========================================================================
Received Import Request.
  Time since last request: 49.779539 seconds.
  path: Assets/Free Pixel Space Platform Pack/Astronaut/Animations/Idle 1.anim
  artifactKey: Guid(fa03a7a7225492f4188d7fee489b2569) Importer(815301076,1909f56bfc062723c751e8b465ee728b)
Start importing Assets/Free Pixel Space Platform Pack/Astronaut/Animations/Idle 1.anim using Guid(fa03a7a7225492f4188d7fee489b2569) Importer(815301076,1909f56bfc062723c751e8b465ee728b)  -> (artifact id: '6f0646d4362ade06e0d08ca52585f098') in 0.007426 seconds 
========================================================================
Received Import Request.
  Time since last request: 24.617935 seconds.
  path: Assets/Free Pixel Space Platform Pack/Background
  artifactKey: Guid(e12c2345565a9ba44b58fb655e1989cf) Importer(815301076,1909f56bfc062723c751e8b465ee728b)
Start importing Assets/Free Pixel Space Platform Pack/Background using Guid(e12c2345565a9ba44b58fb655e1989cf) Importer(815301076,1909f56bfc062723c751e8b465ee728b)  -> (artifact id: 'c8fbcc7e73fcfa7a20556d087121e8d1') in 0.003076 seconds 
========================================================================
Received Import Request.
  Time since last request: 1.160363 seconds.
  path: Assets/Free Pixel Space Platform Pack/Background/SpaceBackGround.png
  artifactKey: Guid(7531ee5749d7b3c41a9c675fd9e784e9) Importer(815301076,1909f56bfc062723c751e8b465ee728b)
Start importing Assets/Free Pixel Space Platform Pack/Background/SpaceBackGround.png using Guid(7531ee5749d7b3c41a9c675fd9e784e9) Importer(815301076,1909f56bfc062723c751e8b465ee728b)  -> (artifact id: '841db18d13116caaab869138c603c514') in 0.222272 seconds 
========================================================================
Received Import Request.
  Time since last request: 1.844254 seconds.
  path: Assets/Free Pixel Space Platform Pack/Boxes
  artifactKey: Guid(4784346a78de7724cb638031b35a7277) Importer(815301076,1909f56bfc062723c751e8b465ee728b)
Start importing Assets/Free Pixel Space Platform Pack/Boxes using Guid(4784346a78de7724cb638031b35a7277) Importer(815301076,1909f56bfc062723c751e8b465ee728b)  -> (artifact id: '635311404e1047e634a9559dca5b3cc2') in 0.003428 seconds 
========================================================================
Received Import Request.
  Time since last request: 1.128666 seconds.
  path: Assets/Free Pixel Space Platform Pack/Boxes/Box_01.png
  artifactKey: Guid(1470a8da87de4eb44966e953ef10b55e) Importer(815301076,1909f56bfc062723c751e8b465ee728b)
Start importing Assets/Free Pixel Space Platform Pack/Boxes/Box_01.png using Guid(1470a8da87de4eb44966e953ef10b55e) Importer(815301076,1909f56bfc062723c751e8b465ee728b)  -> (artifact id: '14e9d7e0df8fba2714bbd79716c94dab') in 0.029114 seconds 
========================================================================
Received Import Request.
  Time since last request: 1.902671 seconds.
  path: Assets/Free Pixel Space Platform Pack/Boxes/Box_02.png
  artifactKey: Guid(3893185237368e74eab199e2a1a99651) Importer(815301076,1909f56bfc062723c751e8b465ee728b)
Start importing Assets/Free Pixel Space Platform Pack/Boxes/Box_02.png using Guid(3893185237368e74eab199e2a1a99651) Importer(815301076,1909f56bfc062723c751e8b465ee728b)  -> (artifact id: '5eafea67417e084886384702be587d7b') in 0.025369 seconds 
========================================================================
Received Import Request.
  Time since last request: 0.178720 seconds.
  path: Assets/Free Pixel Space Platform Pack/Crystals
  artifactKey: Guid(c2cd175370d288f419127e24904d4b6b) Importer(815301076,1909f56bfc062723c751e8b465ee728b)
Start importing Assets/Free Pixel Space Platform Pack/Crystals using Guid(c2cd175370d288f419127e24904d4b6b) Importer(815301076,1909f56bfc062723c751e8b465ee728b)  -> (artifact id: 'c18f5462165504a62dde7a2fc47907a1') in 0.003508 seconds 
========================================================================
Received Prepare
Registering precompiled user dll's ...
Registered in 0.009724 seconds.
Begin MonoManager ReloadAssembly
Symbol file LoadedFromMemory doesn't match image D:\Git\simplyPlatformer\Library\PackageCache\com.unity.visualscripting@1.7.8\Editor\VisualScripting.Core\Dependencies\YamlDotNet\Unity.VisualScripting.YamlDotNet.dll
Symbol file LoadedFromMemory doesn't match image D:\Git\simplyPlatformer\Library\PackageCache\com.unity.visualscripting@1.7.8\Editor\VisualScripting.Core\Dependencies\DotNetZip\Unity.VisualScripting.IonicZip.dll
Native extension for WindowsStandalone target not found
Native extension for WebGL target not found
Refreshing native plugins compatible for Editor in 1.47 ms, found 4 plugins.
Preloading 0 native plugins for Editor in 0.00 ms.
Error saving file Library/StateCache/LayerSettings/9e/9ecc5c3c162a7aba29bafa64c8b94b7c.json. Error: System.IO.IOException: Sharing violation on path D:\Git\simplyPlatformer\Library\StateCache\LayerSettings\9e\9ecc5c3c162a7aba29bafa64c8b94b7c.json
  at System.IO.FileStream..ctor (System.String path, System.IO.FileMode mode, System.IO.FileAccess access, System.IO.FileShare share, System.Int32 bufferSize, System.Boolean anonymous, System.IO.FileOptions options) [0x0019e] in <e40e5a8f982c4b618a930d29f9bd091c>:0 
  at System.IO.FileStream..ctor (System.String path, System.IO.FileMode mode, System.IO.FileAccess access, System.IO.FileShare share, System.Int32 bufferSize, System.IO.FileOptions options) [0x00000] in <e40e5a8f982c4b618a930d29f9bd091c>:0 
  at (wrapper remoting-invoke-with-check) System.IO.FileStream..ctor(string,System.IO.FileMode,System.IO.FileAccess,System.IO.FileShare,int,System.IO.FileOptions)
  at System.IO.StreamWriter..ctor (System.String path, System.Boolean append, System.Text.Encoding encoding, System.Int32 bufferSize) [0x00055] in <e40e5a8f982c4b618a930d29f9bd091c>:0 
  at System.IO.StreamWriter..ctor (System.String path, System.Boolean append, System.Text.Encoding encoding) [0x00000] in <e40e5a8f982c4b618a930d29f9bd091c>:0 
  at (wrapper remoting-invoke-with-check) System.IO.StreamWriter..ctor(string,bool,System.Text.Encoding)
  at System.IO.File.WriteAllText (System.String path, System.String contents, System.Text.Encoding encoding) [0x00034] in <e40e5a8f982c4b618a930d29f9bd091c>:0 
  at UnityEditor.StateCache`1[T].SetState (UnityEngine.Hash128 key, T obj) [0x0004b] in <1f0be198f5164d2489de92f22c998266>:0 
UnityEngine.StackTraceUtility:ExtractStackTrace ()
UnityEngine.DebugLogHandler:LogFormat (UnityEngine.LogType,UnityEngine.Object,string,object[])
UnityEngine.Logger:Log (UnityEngine.LogType,object)
UnityEngine.Debug:LogError (object)
UnityEditor.StateCache`1<UnityEditor.Tools/LayerSettings>:SetState (UnityEngine.Hash128,UnityEditor.Tools/LayerSettings)
UnityEditor.Tools:set_lockedLayers (int)
UnityEditor.Tools:OnEnable ()
UnityEngine.ScriptableObject:CreateInstance (System.Type)
UnityEngine.ScriptableObject:CreateInstance<UnityEditor.Tools> ()
UnityEditor.Tools:get_get ()
UnityEditor.Tools:get_visibleLayers ()
UnityEditor.Animations.Rigging.BoneRendererUtils:.cctor () (at Library/PackageCache/com.unity.animation.rigging@1.1.1/Editor/Utils/BoneRendererUtils.cs:121)
System.Runtime.CompilerServices.RuntimeHelpers:RunClassConstructor (System.RuntimeTypeHandle)
UnityEditor.EditorAssemblies:ProcessInitializeOnLoadAttributes (System.Type[])

(Filename: Library/PackageCache/com.unity.animation.rigging@1.1.1/Editor/Utils/BoneRendererUtils.cs Line: 121)

Mono: successfully reloaded assembly
- Completed reload, in  1.724 seconds
Domain Reload Profiling:
	ReloadAssembly (1725ms)
		BeginReloadAssembly (235ms)
			ExecutionOrderSort (0ms)
			DisableScriptedObjects (12ms)
			BackupInstance (0ms)
			ReleaseScriptingObjects (0ms)
			CreateAndSetChildDomain (55ms)
		EndReloadAssembly (1305ms)
			LoadAssemblies (174ms)
			RebuildTransferFunctionScriptingTraits (0ms)
			SetupTypeCache (341ms)
			ReleaseScriptCaches (2ms)
			RebuildScriptCaches (76ms)
			SetupLoadedEditorAssemblies (651ms)
				LogAssemblyErrors (0ms)
				InitializePlatformSupportModulesInManaged (23ms)
				SetLoadedEditorAssemblies (1ms)
				RefreshPlugins (2ms)
				BeforeProcessingInitializeOnLoad (152ms)
				ProcessInitializeOnLoadAttributes (378ms)
				ProcessInitializeOnLoadMethodAttributes (60ms)
				AfterProcessingInitializeOnLoad (35ms)
				EditorAssembliesLoaded (0ms)
			ExecutionOrderSort2 (0ms)
			AwakeInstancesAfterBackupRestoration (19ms)
Platform modules already initialized, skipping
Refreshing native plugins compatible for Editor in 3.37 ms, found 4 plugins.
Preloading 0 native plugins for Editor in 0.00 ms.
Unloading 4177 Unused Serialized files (Serialized files now loaded: 0)
Unloading 31 unused Assets / (190.3 KB). Loaded Objects now: 4651.
Memory consumption went from 159.6 MB to 159.5 MB.
Total: 19.277900 ms (FindLiveObjects: 0.414200 ms CreateObjectMapping: 0.114200 ms MarkObjects: 18.569500 ms  DeleteObjects: 0.179100 ms)

AssetImportParameters requested are different than current active one (requested -> active):
  custom:video-decoder-ogg-theora: a1e56fd34408186e4bbccfd4996cb3dc -> 
  custom:container-muxer-webm: aa71ff27fc2769a1b78a27578f13a17b -> 
  custom:container-demuxer-webm: 4f35f7cbe854078d1ac9338744f61a02 -> 
  custom:video-encoder-webm-vp8: eb34c28f22e8b96e1ab97ce403110664 -> 
  custom:audio-encoder-webm-vorbis: bf7c407c2cedff20999df2af8eb42d56 -> 
  custom:framework-win-MediaFoundation: 216162199b28c13a410421893ffa2e32 -> 
  custom:container-demuxer-ogg: 62fdf1f143b41e24485cea50d1cbac27 -> 
  custom:video-decoder-webm-vp8: 9c59270c3fd7afecdb556c50c9e8de78 -> 
  custom:audio-decoder-ogg-vorbis: bf7c407c2cedff20999df2af8eb42d56 -> 
========================================================================
Received Import Request.
  Time since last request: 494.188740 seconds.
  path: Assets/Free Pixel Space Platform Pack/Astronaut/Sprites
  artifactKey: Guid(a9150ffa3e5f46245951a867bae1942d) Importer(815301076,1909f56bfc062723c751e8b465ee728b)
Start importing Assets/Free Pixel Space Platform Pack/Astronaut/Sprites using Guid(a9150ffa3e5f46245951a867bae1942d) Importer(815301076,1909f56bfc062723c751e8b465ee728b)  -> (artifact id: '66fdae774fa8e5d4bd9957ad4fcab302') in 0.011894 seconds 
========================================================================
Received Import Request.
  Time since last request: 134.360072 seconds.
  path: Assets/Sprites/Humans
  artifactKey: Guid(5bb451ee29fd622488b06e413f498763) Importer(815301076,1909f56bfc062723c751e8b465ee728b)
Start importing Assets/Sprites/Humans using Guid(5bb451ee29fd622488b06e413f498763) Importer(815301076,1909f56bfc062723c751e8b465ee728b)  -> (artifact id: 'bff9f85f768c26a22ec8ec38ba2ec569') in 0.003200 seconds 
========================================================================
Received Import Request.
  Time since last request: 1.708146 seconds.
  path: Assets/Sprites/Humans/Ordinary
  artifactKey: Guid(5218d270b3ce7094296f0fb684c6684a) Importer(815301076,1909f56bfc062723c751e8b465ee728b)
Start importing Assets/Sprites/Humans/Ordinary using Guid(5218d270b3ce7094296f0fb684c6684a) Importer(815301076,1909f56bfc062723c751e8b465ee728b)  -> (artifact id: '7490a4cb6f4eac3d80cda31900f26072') in 0.003077 seconds 
========================================================================
Received Import Request.
  Time since last request: 6.840295 seconds.
  path: Assets/Sprites/Humans/Ordinary/Animations
  artifactKey: Guid(d4d509463bab19148a79829b19a473c9) Importer(815301076,1909f56bfc062723c751e8b465ee728b)
Start importing Assets/Sprites/Humans/Ordinary/Animations using Guid(d4d509463bab19148a79829b19a473c9) Importer(815301076,1909f56bfc062723c751e8b465ee728b)  -> (artifact id: '45b8b521f208cd07b5184bc6f6fdce00') in 0.002435 seconds 
========================================================================
Received Import Request.
  Time since last request: 13.979878 seconds.
  path: Assets/Sprites/Humans/Ordinary/Sprites
  artifactKey: Guid(1aa573d8751aeac48ab42778f876b0cd) Importer(815301076,1909f56bfc062723c751e8b465ee728b)
Start importing Assets/Sprites/Humans/Ordinary/Sprites using Guid(1aa573d8751aeac48ab42778f876b0cd) Importer(815301076,1909f56bfc062723c751e8b465ee728b)  -> (artifact id: 'c1ca55547581cf5bf7fba0025b6e3e13') in 0.002577 seconds 
========================================================================
Received Import Request.
  Time since last request: 88.382957 seconds.
  path: Assets/Sprites/Tiles
  artifactKey: Guid(e87f352587b459e4596f801a72ca7f56) Importer(815301076,1909f56bfc062723c751e8b465ee728b)
Start importing Assets/Sprites/Tiles using Guid(e87f352587b459e4596f801a72ca7f56) Importer(815301076,1909f56bfc062723c751e8b465ee728b)  -> (artifact id: '96310d8c9528f19afaf4bf4fba737382') in 0.012541 seconds 
========================================================================
Received Import Request.
  Time since last request: 76.334710 seconds.
  path: Assets/Astronaut
  artifactKey: Guid(caafc8a3aab3c3849b0b8ad44889dcb8) Importer(815301076,1909f56bfc062723c751e8b465ee728b)
Start importing Assets/Astronaut using Guid(caafc8a3aab3c3849b0b8ad44889dcb8) Importer(815301076,1909f56bfc062723c751e8b465ee728b)  -> (artifact id: '9e997a64424251d053ff94e9624c79b6') in 0.002740 seconds 
========================================================================
Received Import Request.
  Time since last request: 14.464624 seconds.
  path: Assets/Free Pixel Space Platform Pack/Tiles
  artifactKey: Guid(a0d815329c8e65740ac96703b0230571) Importer(815301076,1909f56bfc062723c751e8b465ee728b)
Start importing Assets/Free Pixel Space Platform Pack/Tiles using Guid(a0d815329c8e65740ac96703b0230571) Importer(815301076,1909f56bfc062723c751e8b465ee728b)  -> (artifact id: 'fa6d160750c9a616e08ff8d2b7cdabc7') in 0.003494 seconds 
========================================================================
Received Import Request.
  Time since last request: 16.928294 seconds.
  path: Assets/Free Pixel Space Platform Pack/Scene
  artifactKey: Guid(ccb8ab6fba174a64ca0db8221f32a86c) Importer(815301076,1909f56bfc062723c751e8b465ee728b)
Start importing Assets/Free Pixel Space Platform Pack/Scene using Guid(ccb8ab6fba174a64ca0db8221f32a86c) Importer(815301076,1909f56bfc062723c751e8b465ee728b)  -> (artifact id: '552ea0b95174cac72a33ac2d21f027b3') in 0.185519 seconds 
========================================================================
Received Import Request.
  Time since last request: 0.729742 seconds.
  path: Assets/Free Pixel Space Platform Pack/Scene/Demo.unity
  artifactKey: Guid(30c41cc99e3585b498c76cd3ca410b7d) Importer(815301076,1909f56bfc062723c751e8b465ee728b)
Start importing Assets/Free Pixel Space Platform Pack/Scene/Demo.unity using Guid(30c41cc99e3585b498c76cd3ca410b7d) Importer(815301076,1909f56bfc062723c751e8b465ee728b)  -> (artifact id: 'fbfbddfd2065cb0a41bdf4c376db7d10') in 0.003047 seconds 
========================================================================
Received Import Request.
  Time since last request: 3.001018 seconds.
  path: Assets/Free Pixel Space Platform Pack/Platforms
  artifactKey: Guid(b659e377044f6e84689255741e67af15) Importer(815301076,1909f56bfc062723c751e8b465ee728b)
Start importing Assets/Free Pixel Space Platform Pack/Platforms using Guid(b659e377044f6e84689255741e67af15) Importer(815301076,1909f56bfc062723c751e8b465ee728b)  -> (artifact id: '7fad3d6779f45e3279c57034685f58a7') in 0.003027 seconds 
========================================================================
Received Import Request.
  Time since last request: 0.492517 seconds.
  path: Assets/Free Pixel Space Platform Pack/Portal
  artifactKey: Guid(04174a520acdf614392a06beff124411) Importer(815301076,1909f56bfc062723c751e8b465ee728b)
Start importing Assets/Free Pixel Space Platform Pack/Portal using Guid(04174a520acdf614392a06beff124411) Importer(815301076,1909f56bfc062723c751e8b465ee728b)  -> (artifact id: '3b1e43731478561e7e15c78ebc4c61eb') in 0.004315 seconds 
========================================================================
Received Import Request.
  Time since last request: 9.299392 seconds.
  path: Assets/Free Pixel Space Platform Pack/Ladders
  artifactKey: Guid(96cd09886ef21d94ba1637fa8e29ee20) Importer(815301076,1909f56bfc062723c751e8b465ee728b)
Start importing Assets/Free Pixel Space Platform Pack/Ladders using Guid(96cd09886ef21d94ba1637fa8e29ee20) Importer(815301076,1909f56bfc062723c751e8b465ee728b)  -> (artifact id: '6f9a38265ca4fa9b6f886d71813a6a05') in 0.003538 seconds 
========================================================================
Received Import Request.
  Time since last request: 1.271123 seconds.
  path: Assets/Free Pixel Space Platform Pack/Lever
  artifactKey: Guid(d79906e062bc82d49bad94532ae7b1ae) Importer(815301076,1909f56bfc062723c751e8b465ee728b)
Start importing Assets/Free Pixel Space Platform Pack/Lever using Guid(d79906e062bc82d49bad94532ae7b1ae) Importer(815301076,1909f56bfc062723c751e8b465ee728b)  -> (artifact id: '79229146f6037dc0b9b87260ad901272') in 0.003269 seconds 
========================================================================
Received Import Request.
  Time since last request: 1.359981 seconds.
  path: Assets/Free Pixel Space Platform Pack/Plants
  artifactKey: Guid(5b424c2ec79f32641b8579ba8aebd0bc) Importer(815301076,1909f56bfc062723c751e8b465ee728b)
Start importing Assets/Free Pixel Space Platform Pack/Plants using Guid(5b424c2ec79f32641b8579ba8aebd0bc) Importer(815301076,1909f56bfc062723c751e8b465ee728b)  -> (artifact id: 'fa1460923f5d6c356ebe67ff0e0b5b95') in 0.002925 seconds 
========================================================================
Received Import Request.
  Time since last request: 3.458099 seconds.
  path: Assets/Free Pixel Space Platform Pack/Spikes
  artifactKey: Guid(3405c78618e70e046ad682c8c06c4342) Importer(815301076,1909f56bfc062723c751e8b465ee728b)
Start importing Assets/Free Pixel Space Platform Pack/Spikes using Guid(3405c78618e70e046ad682c8c06c4342) Importer(815301076,1909f56bfc062723c751e8b465ee728b)  -> (artifact id: '5078a0dd79c31e929011d7000c8a313e') in 0.003571 seconds 
========================================================================
Received Prepare
Registering precompiled user dll's ...
Registered in 0.010129 seconds.
Begin MonoManager ReloadAssembly
Symbol file LoadedFromMemory doesn't match image D:\Git\simplyPlatformer\Library\PackageCache\com.unity.visualscripting@1.7.8\Editor\VisualScripting.Core\Dependencies\YamlDotNet\Unity.VisualScripting.YamlDotNet.dll
Symbol file LoadedFromMemory doesn't match image D:\Git\simplyPlatformer\Library\PackageCache\com.unity.visualscripting@1.7.8\Editor\VisualScripting.Core\Dependencies\DotNetZip\Unity.VisualScripting.IonicZip.dll
Native extension for WindowsStandalone target not found
Native extension for WebGL target not found
Refreshing native plugins compatible for Editor in 0.97 ms, found 4 plugins.
Preloading 0 native plugins for Editor in 0.00 ms.
Error loading file Library/StateCache/LayerSettings/9e/9ecc5c3c162a7aba29bafa64c8b94b7c.json. Error: System.IO.IOException: Sharing violation on path D:\Git\simplyPlatformer\Library\StateCache\LayerSettings\9e\9ecc5c3c162a7aba29bafa64c8b94b7c.json
  at System.IO.FileStream..ctor (System.String path, System.IO.FileMode mode, System.IO.FileAccess access, System.IO.FileShare share, System.Int32 bufferSize, System.Boolean anonymous, System.IO.FileOptions options) [0x0019e] in <e40e5a8f982c4b618a930d29f9bd091c>:0 
  at System.IO.FileStream..ctor (System.String path, System.IO.FileMode mode, System.IO.FileAccess access, System.IO.FileShare share, System.Int32 bufferSize, System.IO.FileOptions options) [0x00000] in <e40e5a8f982c4b618a930d29f9bd091c>:0 
  at (wrapper remoting-invoke-with-check) System.IO.FileStream..ctor(string,System.IO.FileMode,System.IO.FileAccess,System.IO.FileShare,int,System.IO.FileOptions)
  at System.IO.StreamReader..ctor (System.String path, System.Text.Encoding encoding, System.Boolean detectEncodingFromByteOrderMarks, System.Int32 bufferSize) [0x00055] in <e40e5a8f982c4b618a930d29f9bd091c>:0 
  at System.IO.StreamReader..ctor (System.String path, System.Text.Encoding encoding, System.Boolean detectEncodingFromByteOrderMarks) [0x00000] in <e40e5a8f982c4b618a930d29f9bd091c>:0 
  at (wrapper remoting-invoke-with-check) System.IO.StreamReader..ctor(string,System.Text.Encoding,bool)
  at System.IO.File.InternalReadAllText (System.String path, System.Text.Encoding encoding) [0x00000] in <e40e5a8f982c4b618a930d29f9bd091c>:0 
  at System.IO.File.ReadAllText (System.String path, System.Text.Encoding encoding) [0x00034] in <e40e5a8f982c4b618a930d29f9bd091c>:0 
  at UnityEditor.StateCache`1[T].GetState (UnityEngine.Hash128 key, T defaultValue) [0x00041] in <1f0be198f5164d2489de92f22c998266>:0 
UnityEngine.StackTraceUtility:ExtractStackTrace ()
UnityEngine.DebugLogHandler:LogFormat (UnityEngine.LogType,UnityEngine.Object,string,object[])
UnityEngine.Logger:Log (UnityEngine.LogType,object)
UnityEngine.Debug:LogError (object)
UnityEditor.StateCache`1<UnityEditor.Tools/LayerSettings>:GetState (UnityEngine.Hash128,UnityEditor.Tools/LayerSettings)
UnityEditor.Tools:OnEnable ()
UnityEngine.ScriptableObject:CreateInstance (System.Type)
UnityEngine.ScriptableObject:CreateInstance<UnityEditor.Tools> ()
UnityEditor.Tools:get_get ()
UnityEditor.Tools:get_visibleLayers ()
UnityEditor.Animations.Rigging.BoneRendererUtils:.cctor () (at Library/PackageCache/com.unity.animation.rigging@1.1.1/Editor/Utils/BoneRendererUtils.cs:121)
System.Runtime.CompilerServices.RuntimeHelpers:RunClassConstructor (System.RuntimeTypeHandle)
UnityEditor.EditorAssemblies:ProcessInitializeOnLoadAttributes (System.Type[])

(Filename: Library/PackageCache/com.unity.animation.rigging@1.1.1/Editor/Utils/BoneRendererUtils.cs Line: 121)

Mono: successfully reloaded assembly
- Completed reload, in  1.728 seconds
Domain Reload Profiling:
	ReloadAssembly (1729ms)
		BeginReloadAssembly (213ms)
			ExecutionOrderSort (0ms)
			DisableScriptedObjects (10ms)
			BackupInstance (0ms)
			ReleaseScriptingObjects (0ms)
			CreateAndSetChildDomain (54ms)
		EndReloadAssembly (1345ms)
			LoadAssemblies (158ms)
			RebuildTransferFunctionScriptingTraits (0ms)
			SetupTypeCache (393ms)
			ReleaseScriptCaches (2ms)
			RebuildScriptCaches (84ms)
			SetupLoadedEditorAssemblies (629ms)
				LogAssemblyErrors (0ms)
				InitializePlatformSupportModulesInManaged (26ms)
				SetLoadedEditorAssemblies (1ms)
				RefreshPlugins (1ms)
				BeforeProcessingInitializeOnLoad (155ms)
				ProcessInitializeOnLoadAttributes (362ms)
				ProcessInitializeOnLoadMethodAttributes (52ms)
				AfterProcessingInitializeOnLoad (31ms)
				EditorAssembliesLoaded (0ms)
			ExecutionOrderSort2 (0ms)
			AwakeInstancesAfterBackupRestoration (14ms)
Platform modules already initialized, skipping
Refreshing native plugins compatible for Editor in 3.77 ms, found 4 plugins.
Preloading 0 native plugins for Editor in 0.00 ms.
Unloading 4177 Unused Serialized files (Serialized files now loaded: 0)
Unloading 31 unused Assets / (190.2 KB). Loaded Objects now: 4655.
Memory consumption went from 159.6 MB to 159.5 MB.
Total: 5.305100 ms (FindLiveObjects: 0.469300 ms CreateObjectMapping: 0.166300 ms MarkObjects: 4.472900 ms  DeleteObjects: 0.195000 ms)

AssetImportParameters requested are different than current active one (requested -> active):
  custom:video-decoder-ogg-theora: a1e56fd34408186e4bbccfd4996cb3dc -> 
  custom:container-muxer-webm: aa71ff27fc2769a1b78a27578f13a17b -> 
  custom:container-demuxer-webm: 4f35f7cbe854078d1ac9338744f61a02 -> 
  custom:video-encoder-webm-vp8: eb34c28f22e8b96e1ab97ce403110664 -> 
  custom:audio-encoder-webm-vorbis: bf7c407c2cedff20999df2af8eb42d56 -> 
  custom:framework-win-MediaFoundation: 216162199b28c13a410421893ffa2e32 -> 
  custom:container-demuxer-ogg: 62fdf1f143b41e24485cea50d1cbac27 -> 
  custom:video-decoder-webm-vp8: 9c59270c3fd7afecdb556c50c9e8de78 -> 
  custom:audio-decoder-ogg-vorbis: bf7c407c2cedff20999df2af8eb42d56 -> 
